0 info it worked if it ends with ok
1 verbose cli [ 'C:\\Program Files\\nodejs\\node.exe',
1 verbose cli   'C:\\Program Files\\nodejs\\node_modules\\npm\\bin\\npm-cli.js',
1 verbose cli   'start' ]
2 info using npm@3.10.10
3 info using node@v6.17.1
4 verbose run-script [ 'prestart', 'start', 'poststart' ]
5 info lifecycle swecha-arduino-link@1.0.0~prestart: swecha-arduino-link@1.0.0
6 silly lifecycle swecha-arduino-link@1.0.0~prestart: no script for prestart, continuing
7 info lifecycle swecha-arduino-link@1.0.0~start: swecha-arduino-link@1.0.0
8 verbose lifecycle swecha-arduino-link@1.0.0~start: unsafe-perm in lifecycle true
9 verbose lifecycle swecha-arduino-link@1.0.0~start: PATH: C:\Users\priya\AppData\Roaming\nvm\v6.17.1\node_modules\npm\bin\node-gyp-bin;C:\Users\priya\OneDrive\Documents\Ottawa Stem\Ottawa\scratch-arduino-link\node_modules\.bin;C:\Python27\;C:\Python27\Scripts;C:\Python312\Scripts\;C:\Python312\;C:\Windows\system32;C:\Windows;C:\Windows\System32\Wbem;C:\Windows\System32\WindowsPowerShell\v1.0\;C:\Windows\System32\OpenSSH\;C:\Program Files\dotnet\;C:\Users\priya\AppData\Roaming\nvm;C:\Program Files\nodejs;C:\Python27;search-ms:displayname=Search%20Results%20in%20Python27&crumb=location:C%3A%5CPython27\Scripts;C:\Program Files\Git\cmd;C:\ProgramData\chocolatey\bin;C:\Users\priya\AppData\Local\Microsoft\WindowsApps;C:\Users\priya\AppData\Roaming\nvm;C:\Program Files\nodejs;C:\Users\priya\AppData\Local\Programs\Microsoft VS Code\bin;C:\Users\priya\.dotnet\tools
10 verbose lifecycle swecha-arduino-link@1.0.0~start: CWD: C:\Users\priya\OneDrive\Documents\Ottawa Stem\Ottawa\scratch-arduino-link
11 silly lifecycle swecha-arduino-link@1.0.0~start: Args: [ '/d /s /c', 'electron .' ]
12 verbose stack Error: kill ENOSYS
12 verbose stack     at Object.exports._errnoException (util.js:1020:11)
12 verbose stack     at process.kill (internal/process.js:191:18)
12 verbose stack     at process.listener (C:\Users\priya\AppData\Roaming\nvm\v6.17.1\node_modules\npm\node_modules\npmlog\node_modules\gauge\node_modules\signal-exit\index.js:86:15)
12 verbose stack     at emitNone (events.js:91:20)
12 verbose stack     at process.emit (events.js:185:7)
12 verbose stack     at processEmit (C:\Users\priya\AppData\Roaming\nvm\v6.17.1\node_modules\npm\node_modules\npmlog\node_modules\gauge\node_modules\signal-exit\index.js:146:32)
12 verbose stack     at processEmit (C:\Users\priya\AppData\Roaming\nvm\v6.17.1\node_modules\npm\node_modules\npm-registry-client\node_modules\npmlog\node_modules\gauge\node_modules\signal-exit\index.js:146:32)
12 verbose stack     at Signal.wrap.onsignal (internal/process.js:217:44)
13 verbose cwd C:\Users\priya\OneDrive\Documents\Ottawa Stem\Ottawa\scratch-arduino-link
14 error Windows_NT 10.0.22631
15 error argv "C:\\Program Files\\nodejs\\node.exe" "C:\\Program Files\\nodejs\\node_modules\\npm\\bin\\npm-cli.js" "start"
16 error node v6.17.1
17 error npm  v3.10.10
18 error code ENOSYS
19 error errno ENOSYS
20 error syscall kill
21 error kill ENOSYS
22 error If you need help, you may report this error at:
22 error     <https://github.com/npm/npm/issues>
23 verbose exit [ 1, true ]
